<?xml version="1.0" encoding="UTF-8"?>
<!-- Generated by org.testng.reporters.JUnitXMLReporter -->
<testsuite ignored="0" hostname="Sambits-MacBook-Air.local" failures="1" tests="1" name="Surefire test" time="130.416" errors="0" timestamp="2026-04-04T23:43:28 IST">
  <testcase classname="io.cucumber.testng.AbstractTestNGCucumberTests" name="runScenario" time="130.231">
    <failure type="java.lang.AssertionError" message="No OTP digits found in YOPmail message body for karan@yopmail.com expected object to not be null">
      <![CDATA[java.lang.AssertionError: No OTP digits found in YOPmail message body for karan@yopmail.com expected object to not be null
at com.mirra.automation.steps.SignUpSteps.i_fetch_the_otp_from_yopmail_for(SignUpSteps.java:96)
at ✽.I fetch the OTP from YOPmail for "karan@yopmail.com"(classpath:features/sign_up.feature:27)
... Removed 2 stack frames]]>
    </failure>
  </testcase> <!-- runScenario -->
</testsuite> <!-- Surefire test -->
