<?xml version="1.0" encoding="UTF-8"?>
<!-- Generated by org.testng.reporters.JUnitXMLReporter -->
<testsuite ignored="0" hostname="Sambits-MacBook-Air.local" failures="0" tests="2" name="Default test" time="21.0" errors="0" timestamp="2026-04-04T22:29:48 IST">
  <testcase classname="io.cucumber.testng.AbstractTestNGCucumberTests" name="runScenario" time="7.77"/>
  <testcase classname="io.cucumber.testng.AbstractTestNGCucumberTests" name="runScenario" time="12.604"/>
</testsuite> <!-- Default test -->
