<?xml version="1.0" encoding="UTF-8"?>
<testsuite xmlns:xsi="http://www.w3.org/2001/XMLSchema-instance" xsi:noNamespaceSchemaLocation="https://maven.apache.org/surefire/maven-surefire-plugin/xsd/surefire-test-report.xsd" version="3.0.2" name="com.mirra.automation.runner.RunCucumberTest" time="130.649" tests="1" errors="0" skipped="0" failures="1">
  <properties>
[...]
</properties>
  <testcase name="runScenario[&quot;Mirra email Continue and OTP from YOPmail&quot;, &quot;Mirra sign-up page&quot;](1)" classname="com.mirra.automation.runner.RunCucumberTest" time="130.242">
    <failure message="No OTP digits found in YOPmail message body for karan@yopmail.com expected object to not be null" type="java.lang.AssertionError"><![CDATA[java.lang.AssertionError: No OTP digits found in YOPmail message body for karan@yopmail.com expected object to not be null
	at org.testng.Assert.fail(Assert.java:111)
	at org.testng.Assert.assertNotNull(Assert.java:1484)
	at com.mirra.automation.steps.SignUpSteps.i_fetch_the_otp_from_yopmail_for(SignUpSteps.java:96)
	at ✽.I fetch the OTP from YOPmail for "karan@yopmail.com"(classpath:features/sign_up.feature:27)
]]></failure>
    <system-out><![CDATA[
@web @sign-up @otp
Scenario: Mirra email Continue and OTP from YOPmail                                                           # features/sign_up.feature:20
  Given I open the Mirra sign-up page                                                                         # com.mirra.automation.steps.SignUpSteps.i_open_the_mirra_sign_up_page()
  Then the browser should show a page Authentication Required                                                 # com.mirra.automation.steps.SignUpSteps.the_browser_should_show_a_page_authentication_required()
  When I enter the visitor password from configuration                                                        # com.mirra.automation.steps.SignUpSteps.i_enter_the_visitor_password_from_configuration()
  And I click the Unlock button                                                                               # com.mirra.automation.steps.SignUpSteps.i_click_the_unlock_button()
  Then the visitor password prompt should be gone and the Welcome to Mirra sign-up screen should be displayed # com.mirra.automation.steps.SignUpSteps.visitor_prompt_gone_and_welcome_displayed()
  When I enter email "karan@yopmail.com" and click Continue on Mirra                                          # com.mirra.automation.steps.SignUpSteps.i_enter_email_and_click_continue_on_mirra(java.lang.String)
  And I fetch the OTP from YOPmail for "karan@yopmail.com"                                                    # com.mirra.automation.steps.SignUpSteps.i_fetch_the_otp_from_yopmail_for(java.lang.String)
      java.lang.AssertionError: No OTP digits found in YOPmail message body for karan@yopmail.com expected object to not be null
	at org.testng.Assert.fail(Assert.java:111)
	at org.testng.Assert.assertNotNull(Assert.java:1484)
	at com.mirra.automation.steps.SignUpSteps.i_fetch_the_otp_from_yopmail_for(SignUpSteps.java:96)
	at ✽.I fetch the OTP from YOPmail for "karan@yopmail.com"(classpath:features/sign_up.feature:27)

  And I enter the fetched OTP into the Mirra email verification fields                                        # com.mirra.automation.steps.SignUpSteps.i_enter_the_fetched_otp_into_the_mirra_email_verification_fields()
  Then the Add Profile Details onboarding page should be displayed                                            # com.mirra.automation.steps.SignUpSteps.the_add_profile_details_onboarding_page_should_be_displayed()
  When I fill the profile form with random name and phone and pick a random use case for Elnk                 # com.mirra.automation.steps.SignUpSteps.i_fill_the_profile_form_with_random_name_and_phone_and_pick_a_random_use_case_for_elnk()
  And I pick a random role or profession, team size, and continue                                             # com.mirra.automation.steps.SignUpSteps.i_pick_a_random_role_or_profession_team_size_and_continue()
  And the OTP from YOPmail should be stored                                                                   # com.mirra.automation.steps.SignUpSteps.the_otp_from_yopmail_should_be_stored()
]]></system-out>
    <system-err><![CDATA[SLF4J: Failed to load class "org.slf4j.impl.StaticLoggerBinder".
SLF4J: Defaulting to no-operation (NOP) logger implementation
SLF4J: See http://www.slf4j.org/codes.html#StaticLoggerBinder for further details.
Apr 04, 2026 11:41:19 PM org.openqa.selenium.devtools.CdpVersionFinder findNearestMatch
WARNING: Unable to find CDP implementation matching 146
Apr 04, 2026 11:41:19 PM org.openqa.selenium.chromium.ChromiumDriver lambda$new$5
WARNING: Unable to find version of CDP to use for 146.0.7680.178. You may need to include a dependency on a specific version of the CDP using something similar to `org.seleniumhq.selenium:selenium-devtools-v86:4.27.0` where the version ("v86") matches the version of the chromium-based browser you're using and the version number of the artifact is the same as Selenium's.
]]></system-err>
  </testcase>
</testsuite>