<?xml version="1.0" encoding="UTF-8"?>
<testng-results ignored="0" total="1" passed="0" failed="1" skipped="0">
  <reporter-output>
  </reporter-output>
  <suite started-at="2026-04-04T23:41:18 IST" name="Surefire suite" finished-at="2026-04-04T23:43:28 IST" duration-ms="130416">
    <groups>
      <group name="cucumber">
        <method signature="AbstractTestNGCucumberTests.runScenario(io.cucumber.testng.PickleWrapper,io.cucumber.testng.FeatureWrapper)[pri:0, instance:com.mirra.automation.runner.RunCucumberTest@96def03]" name="runScenario" class="io.cucumber.testng.AbstractTestNGCucumberTests"/>
      </group> <!-- cucumber -->
    </groups>
    <test started-at="2026-04-04T23:41:18 IST" name="Surefire test" finished-at="2026-04-04T23:43:28 IST" duration-ms="130416">
      <class name="com.mirra.automation.runner.RunCucumberTest">
        <test-method is-config="true" signature="setUpClass(org.testng.ITestContext)[pri:0, instance:com.mirra.automation.runner.RunCucumberTest@96def03]" started-at="2026-04-04T23:41:18 IST" name="setUpClass" finished-at="2026-04-04T23:41:18 IST" duration-ms="158" status="PASS">
          <params>
            <param index="0">
              <value>
                <![CDATA[org.testng.TestRunner@3f6f9cef]]>
              </value>
            </param>
          </params>
          <reporter-output>
          </reporter-output>
        </test-method> <!-- setUpClass -->
        <test-method signature="runScenario(io.cucumber.testng.PickleWrapper,io.cucumber.testng.FeatureWrapper)[pri:0, instance:com.mirra.automation.runner.RunCucumberTest@96def03]" started-at="2026-04-04T23:41:18 IST" name="runScenario" description="Runs Cucumber Scenarios" data-provider="scenarios" finished-at="2026-04-04T23:43:28 IST" duration-ms="130231" status="FAIL">
          <params>
            <param index="0">
              <value>
                <![CDATA["Mirra email Continue and OTP from YOPmail"]]>
              </value>
            </param>
            <param index="1">
              <value>
                <![CDATA["Mirra sign-up page"]]>
              </value>
            </param>
          </params>
          <exception class="java.lang.AssertionError">
            <message>
              <![CDATA[No OTP digits found in YOPmail message body for karan@yopmail.com expected object to not be null]]>
            </message>
            <full-stacktrace>
              <![CDATA[java.lang.AssertionError: No OTP digits found in YOPmail message body for karan@yopmail.com expected object to not be null
at org.testng.Assert.fail(Assert.java:111)
at org.testng.Assert.assertNotNull(Assert.java:1484)
at com.mirra.automation.steps.SignUpSteps.i_fetch_the_otp_from_yopmail_for(SignUpSteps.java:96)
at ✽.I fetch the OTP from YOPmail for "karan@yopmail.com"(classpath:features/sign_up.feature:27)
]]>
            </full-stacktrace>
          </exception> <!-- java.lang.AssertionError -->
          <reporter-output>
          </reporter-output>
        </test-method> <!-- runScenario -->
        <test-method is-config="true" signature="tearDownClass()[pri:0, instance:com.mirra.automation.runner.RunCucumberTest@96def03]" started-at="2026-04-04T23:43:28 IST" name="tearDownClass" finished-at="2026-04-04T23:43:28 IST" duration-ms="11" status="PASS">
          <reporter-output>
          </reporter-output>
        </test-method> <!-- tearDownClass -->
      </class> <!-- com.mirra.automation.runner.RunCucumberTest -->
    </test> <!-- Surefire test -->
  </suite> <!-- Surefire suite -->
</testng-results>
