<?xml version="1.0" encoding="UTF-8"?>
<testng-results ignored="0" total="2" passed="2" failed="0" skipped="0">
  <reporter-output>
  </reporter-output>
  <suite started-at="2026-04-04T22:29:27 IST" name="Default suite" finished-at="2026-04-04T22:29:48 IST" duration-ms="21000">
    <groups>
      <group name="cucumber">
        <method signature="AbstractTestNGCucumberTests.runScenario(io.cucumber.testng.PickleWrapper,io.cucumber.testng.FeatureWrapper)[pri:0, instance:com.mirra.automation.runner.RunCucumberTest@2f4948e4]" name="runScenario" class="io.cucumber.testng.AbstractTestNGCucumberTests"/>
      </group> <!-- cucumber -->
    </groups>
    <test started-at="2026-04-04T22:29:27 IST" name="Default test" finished-at="2026-04-04T22:29:48 IST" duration-ms="21000">
      <class name="com.mirra.automation.runner.RunCucumberTest">
        <test-method is-config="true" signature="setUpClass(org.testng.ITestContext)[pri:0, instance:com.mirra.automation.runner.RunCucumberTest@2f4948e4]" started-at="2026-04-04T22:29:27 IST" name="setUpClass" finished-at="2026-04-04T22:29:28 IST" duration-ms="519" status="PASS">
          <params>
            <param index="0">
              <value>
                <![CDATA[org.testng.TestRunner@63d4f0a2]]>
              </value>
            </param>
          </params>
          <reporter-output>
          </reporter-output>
        </test-method> <!-- setUpClass -->
        <test-method signature="runScenario(io.cucumber.testng.PickleWrapper,io.cucumber.testng.FeatureWrapper)[pri:0, instance:com.mirra.automation.runner.RunCucumberTest@2f4948e4]" started-at="2026-04-04T22:29:28 IST" name="runScenario" description="Runs Cucumber Scenarios" data-provider="scenarios" finished-at="2026-04-04T22:29:35 IST" duration-ms="7770" status="PASS">
          <params>
            <param index="0">
              <value>
                <![CDATA["Visitor authentication page is displayed"]]>
              </value>
            </param>
            <param index="1">
              <value>
                <![CDATA["Mirra sign-up page"]]>
              </value>
            </param>
          </params>
          <reporter-output>
          </reporter-output>
        </test-method> <!-- runScenario -->
        <test-method signature="runScenario(io.cucumber.testng.PickleWrapper,io.cucumber.testng.FeatureWrapper)[pri:0, instance:com.mirra.automation.runner.RunCucumberTest@2f4948e4]" started-at="2026-04-04T22:29:35 IST" name="runScenario" description="Runs Cucumber Scenarios" data-provider="scenarios" finished-at="2026-04-04T22:29:48 IST" duration-ms="12604" status="PASS">
          <params>
            <param index="0">
              <value>
                <![CDATA["Unlock staging with visitor password"]]>
              </value>
            </param>
            <param index="1">
              <value>
                <![CDATA["Mirra sign-up page"]]>
              </value>
            </param>
          </params>
          <reporter-output>
          </reporter-output>
        </test-method> <!-- runScenario -->
        <test-method is-config="true" signature="tearDownClass()[pri:0, instance:com.mirra.automation.runner.RunCucumberTest@2f4948e4]" started-at="2026-04-04T22:29:48 IST" name="tearDownClass" finished-at="2026-04-04T22:29:48 IST" duration-ms="51" status="PASS">
          <reporter-output>
          </reporter-output>
        </test-method> <!-- tearDownClass -->
      </class> <!-- com.mirra.automation.runner.RunCucumberTest -->
    </test> <!-- Default test -->
  </suite> <!-- Default suite -->
</testng-results>
