<?xml version="1.0" encoding="UTF-8"?>
<!-- Generated by org.testng.reporters.JUnitReportReporter -->
<testsuite hostname="Sambits-MacBook-Air.local" failures="0" tests="2" name="com.mirra.automation.runner.RunCucumberTest" time="20.374" errors="0" timestamp="2026-04-04T22:29:48 IST" skipped="0">
  <testcase classname="com.mirra.automation.runner.RunCucumberTest" name="runScenario" time="7.770"/>
  <testcase classname="com.mirra.automation.runner.RunCucumberTest" name="runScenario" time="12.604"/>
</testsuite> <!-- com.mirra.automation.runner.RunCucumberTest -->
