<?xml version="1.0" encoding="UTF-8"?>
<!-- Generated by org.testng.reporters.JUnitReportReporter -->
<testsuite hostname="Sambits-MacBook-Air.local" failures="1" tests="1" name="com.mirra.automation.runner.RunCucumberTest" time="130.231" errors="0" timestamp="2026-04-04T23:43:28 IST" skipped="0">
  <testcase classname="com.mirra.automation.runner.RunCucumberTest" name="runScenario" time="130.231">
    <failure message="No OTP digits found in YOPmail message body for karan@yopmail.com expected object to not be null" type="java.lang.AssertionError">
      <![CDATA[java.lang.AssertionError: No OTP digits found in YOPmail message body for karan@yopmail.com expected object to not be null
at org.testng.Assert.fail(Assert.java:111)
at org.testng.Assert.assertNotNull(Assert.java:1484)
at com.mirra.automation.steps.SignUpSteps.i_fetch_the_otp_from_yopmail_for(SignUpSteps.java:96)
at ✽.I fetch the OTP from YOPmail for "karan@yopmail.com"(classpath:features/sign_up.feature:27)
]]>
    </failure>
  </testcase> <!-- runScenario -->
</testsuite> <!-- com.mirra.automation.runner.RunCucumberTest -->
